c:\users\maksi\desktop\sf plugin template\sfplugin\release\vc142.pdb
c:\users\maksi\desktop\sf plugin template\sfplugin\release\main.obj
c:\users\maksi\desktop\sf plugin template\sfplugin\release\imgui_widgets.obj
c:\users\maksi\desktop\sf plugin template\sfplugin\release\imgui_tables.obj
c:\users\maksi\desktop\sf plugin template\sfplugin\release\imgui_impl_win32.obj
c:\users\maksi\desktop\sf plugin template\sfplugin\release\imgui_impl_dx9.obj
c:\users\maksi\desktop\sf plugin template\sfplugin\release\imgui_draw.obj
c:\users\maksi\desktop\sf plugin template\sfplugin\release\imgui_demo.obj
c:\users\maksi\desktop\sf plugin template\sfplugin\release\imgui.obj
c:\users\maksi\desktop\sf afkbaryga\sfplugin\release\vc142.pdb
c:\users\maksi\desktop\sf afkbaryga\sfplugin\release\imgui_widgets.obj
c:\users\maksi\desktop\sf afkbaryga\sfplugin\release\imgui_tables.obj
c:\users\maksi\desktop\sf afkbaryga\sfplugin\release\imgui_impl_win32.obj
c:\users\maksi\desktop\sf afkbaryga\sfplugin\release\imgui_impl_dx9.obj
c:\users\maksi\desktop\sf afkbaryga\sfplugin\release\imgui_draw.obj
c:\users\maksi\desktop\sf afkbaryga\sfplugin\release\imgui_demo.obj
c:\users\maksi\desktop\sf afkbaryga\sfplugin\release\imgui.obj
c:\users\maksi\desktop\sf afkbaryga\sfplugin\release\main.obj
c:\users\maksi\desktop\sf plugin template\release\sfplugin.sf
c:\users\maksi\desktop\sf plugin template\release\sfplugin.pdb
d:\gta san andreas\sampfuncs\sfplugin.sf
d:\gta san andreas\sampfuncs\sfplugin.pdb
c:\users\maksi\desktop\sf afkbaryga\sfplugin\release\sfplugin.tlog\cl.command.1.tlog
c:\users\maksi\desktop\sf afkbaryga\sfplugin\release\sfplugin.tlog\cl.read.1.tlog
c:\users\maksi\desktop\sf afkbaryga\sfplugin\release\sfplugin.tlog\cl.write.1.tlog
c:\users\maksi\desktop\sf afkbaryga\sfplugin\release\sfplugin.tlog\link.command.1.tlog
c:\users\maksi\desktop\sf afkbaryga\sfplugin\release\sfplugin.tlog\link.read.1.tlog
c:\users\maksi\desktop\sf afkbaryga\sfplugin\release\sfplugin.tlog\link.write.1.tlog
